Arguments: 
  /var/lib/snapd/snap/node/3527/bin/node /snap/node/3527/bin/yarn.js global dir --json

PATH: 
  /home/antimalware/.local/bin:/usr/local/sbin:/usr/local/bin:/usr/bin:/usr/bin/site_perl:/usr/bin/vendor_perl:/usr/bin/core_perl:/var/lib/snapd/snap/bin

Yarn version: 
  1.22.5

Node version: 
  14.15.4

Platform: 
  linux x64

Trace: 
  Error: EACCES: permission denied, write
      at writeSync (fs.js:711:3)
      at SyncWriteStream._write (internal/fs/sync_write_stream.js:24:3)
      at writeOrBuffer (internal/streams/writable.js:358:12)
      at SyncWriteStream.Writable.write (internal/streams/writable.js:303:10)
      at JSONReporter._dump (/var/lib/snapd/snap/node/3527/lib/cli.js:49772:12)
      at JSONReporter.log (/var/lib/snapd/snap/node/3527/lib/cli.js:49800:10)
      at dir (/var/lib/snapd/snap/node/3527/lib/cli.js:36256:14)
      at Object.<anonymous> (/var/lib/snapd/snap/node/3527/lib/cli.js:25940:25)
      at Generator.next (<anonymous>)
      at step (/var/lib/snapd/snap/node/3527/lib/cli.js:310:30)

npm manifest: 
  {
  	"name": "express-microservice",
  	"version": "1.0.0",
  	"description": "fake toko online",
  	"main": "index.js",
  	"scripts": {
  		"start": "node index.js",
  		"dev": "nodemon index.js"
  	},
  	"repository": {
  		"type": "git",
  		"url": "restuwahyu13"
  	},
  	"keywords": [
  		"core",
  		"microservice"
  	],
  	"author": "restuwahyu13",
  	"license": "MIT",
  	"dependencies": {
  		"body-parser": "^1.19.0",
  		"compression": "^1.7.4",
  		"cors": "^2.8.5",
  		"cote": "^1.0.2",
  		"dotenv": "^8.2.0",
  		"express": "^4.17.1",
  		"helmet": "^4.4.1",
  		"mongoose": "^5.11.14",
  		"streambox-collection": "0.0.5"
  	},
  	"devDependencies": {
  		"morgan": "^1.10.0",
  		"nodemon": "^2.0.7"
  	}
  }

yarn manifest: 
  No manifest

Lockfile: 
  No lockfile
